22:48:27.728 [main] INFO  testCases.TC_003_LoginDDT - provided pwd
22:48:29.151 [main] INFO  testCases.TC_003_LoginDDT - clicked on Login
22:48:29.166 [main] ERROR testCases.TC_003_LoginDDT - Login Failed
22:48:29.166 [main] INFO  testCases.TC_003_LoginDDT -  Finished TC_003_LoginDDT 
22:48:29.167 [AsyncHttpClient-1-13] TRACE io.netty.handler.codec.http.websocketx.WebSocket08FrameEncoder - Encoding WebSocket Frame opCode=8 length=26
22:48:30.925 [main] INFO  testCases.TC_003_LoginDDT - Chrome launched
22:48:30.925 [main] INFO  testCases.TC_003_LoginDDT - Starting TC_003_LoginDDT
22:48:35.527 [main] INFO  testCases.TC_003_LoginDDT - Home page displayed
22:48:35.691 [main] INFO  testCases.TC_003_LoginDDT - clicked on MyAccount
22:48:36.983 [main] INFO  testCases.TC_003_LoginDDT - clicked on Login
22:48:37.046 [main] INFO  testCases.TC_003_LoginDDT - provided email
22:48:37.092 [main] INFO  testCases.TC_003_LoginDDT - provided pwd
22:48:38.640 [main] INFO  testCases.TC_003_LoginDDT - clicked on Login
22:48:38.654 [main] ERROR testCases.TC_003_LoginDDT - Login Failed
22:48:38.654 [main] INFO  testCases.TC_003_LoginDDT -  Finished TC_003_LoginDDT 
22:48:38.655 [AsyncHttpClient-1-16] TRACE io.netty.handler.codec.http.websocketx.WebSocket08FrameEncoder - Encoding WebSocket Frame opCode=8 length=26
22:48:40.397 [main] INFO  testCases.TC_003_LoginDDT - Chrome launched
22:48:40.397 [main] INFO  testCases.TC_003_LoginDDT - Starting TC_003_LoginDDT
22:48:44.755 [main] INFO  testCases.TC_003_LoginDDT - Home page displayed
22:48:44.931 [main] INFO  testCases.TC_003_LoginDDT - clicked on MyAccount
22:48:46.227 [main] INFO  testCases.TC_003_LoginDDT - clicked on Login
22:48:46.290 [main] INFO  testCases.TC_003_LoginDDT - provided email
22:48:46.335 [main] INFO  testCases.TC_003_LoginDDT - provided pwd
22:48:48.806 [main] INFO  testCases.TC_003_LoginDDT - clicked on Login
22:48:48.841 [main] INFO  testCases.TC_003_LoginDDT -  Finished TC_003_LoginDDT 
22:48:48.842 [AsyncHttpClient-1-3] TRACE io.netty.handler.codec.http.websocketx.WebSocket08FrameEncoder - Encoding WebSocket Frame opCode=8 length=26
22:48:49.887 [AsyncHttpClient-1-4] DEBUG io.netty.buffer.PoolThreadCache - Freed 4 thread-local buffer(s) from thread: AsyncHttpClient-1-4
22:48:49.887 [AsyncHttpClient-1-11] DEBUG io.netty.buffer.PoolThreadCache - Freed 23 thread-local buffer(s) from thread: AsyncHttpClient-1-11
22:48:49.887 [AsyncHttpClient-1-15] DEBUG io.netty.buffer.PoolThreadCache - Freed 2 thread-local buffer(s) from thread: AsyncHttpClient-1-15
22:48:49.887 [AsyncHttpClient-1-10] DEBUG io.netty.buffer.PoolThreadCache - Freed 4 thread-local buffer(s) from thread: AsyncHttpClient-1-10
22:48:49.887 [AsyncHttpClient-1-13] DEBUG io.netty.buffer.PoolThreadCache - Freed 4 thread-local buffer(s) from thread: AsyncHttpClient-1-13
22:48:49.887 [AsyncHttpClient-1-16] DEBUG io.netty.buffer.PoolThreadCache - Freed 4 thread-local buffer(s) from thread: AsyncHttpClient-1-16
22:48:49.887 [AsyncHttpClient-1-9] DEBUG io.netty.buffer.PoolThreadCache - Freed 2 thread-local buffer(s) from thread: AsyncHttpClient-1-9
22:48:49.887 [AsyncHttpClient-1-14] DEBUG io.netty.buffer.PoolThreadCache - Freed 23 thread-local buffer(s) from thread: AsyncHttpClient-1-14
22:48:49.888 [AsyncHttpClient-1-7] DEBUG io.netty.buffer.PoolThreadCache - Freed 4 thread-local buffer(s) from thread: AsyncHttpClient-1-7
22:48:49.888 [AsyncHttpClient-1-12] DEBUG io.netty.buffer.PoolThreadCache - Freed 2 thread-local buffer(s) from thread: AsyncHttpClient-1-12
22:48:49.888 [AsyncHttpClient-1-6] DEBUG io.netty.buffer.PoolThreadCache - Freed 2 thread-local buffer(s) from thread: AsyncHttpClient-1-6
22:48:49.888 [AsyncHttpClient-1-8] DEBUG io.netty.buffer.PoolThreadCache - Freed 24 thread-local buffer(s) from thread: AsyncHttpClient-1-8
22:48:49.888 [AsyncHttpClient-1-5] DEBUG io.netty.buffer.PoolThreadCache - Freed 22 thread-local buffer(s) from thread: AsyncHttpClient-1-5
10:39:07.087 [main] DEBUG io.netty.util.internal.logging.InternalLoggerFactory - Using Log4J2 as the default logging framework
10:39:07.096 [main] DEBUG io.netty.util.ResourceLeakDetector - -Dio.netty.leakDetection.level: simple
10:39:07.096 [main] DEBUG io.netty.util.ResourceLeakDetector - -Dio.netty.leakDetection.targetRecords: 4
10:39:07.100 [main] DEBUG io.netty.util.ResourceLeakDetectorFactory - Loaded default ResourceLeakDetector: io.netty.util.ResourceLeakDetector@3a80515c
10:39:07.115 [main] DEBUG io.netty.util.internal.PlatformDependent - Platform: Windows
10:39:07.117 [main] DEBUG io.netty.util.internal.PlatformDependent0 - -Dio.netty.noUnsafe: false
10:39:07.117 [main] DEBUG io.netty.util.internal.PlatformDependent0 - Java version: 8
10:39:07.118 [main] DEBUG io.netty.util.internal.PlatformDependent0 - sun.misc.Unsafe.theUnsafe: available
10:39:07.118 [main] DEBUG io.netty.util.internal.PlatformDependent0 - sun.misc.Unsafe.copyMemory: available
10:39:07.119 [main] DEBUG io.netty.util.internal.PlatformDependent0 - java.nio.Buffer.address: available
10:39:07.119 [main] DEBUG io.netty.util.internal.PlatformDependent0 - direct buffer constructor: available
10:39:07.120 [main] DEBUG io.netty.util.internal.PlatformDependent0 - java.nio.Bits.unaligned: available, true
10:39:07.120 [main] DEBUG io.netty.util.internal.PlatformDependent0 - jdk.internal.misc.Unsafe.allocateUninitializedArray(int): unavailable prior to Java9
10:39:07.120 [main] DEBUG io.netty.util.internal.PlatformDependent0 - java.nio.DirectByteBuffer.<init>(long, int): available
10:39:07.120 [main] DEBUG io.netty.util.internal.PlatformDependent - sun.misc.Unsafe: available
10:39:07.120 [main] DEBUG io.netty.util.internal.PlatformDependent - -Dio.netty.tmpdir: C:\Users\Sridhar\AppData\Local\Temp (java.io.tmpdir)
10:39:07.120 [main] DEBUG io.netty.util.internal.PlatformDependent - -Dio.netty.bitMode: 64 (sun.arch.data.model)
10:39:07.121 [main] DEBUG io.netty.util.internal.PlatformDependent - -Dio.netty.maxDirectMemory: 1873805312 bytes
10:39:07.121 [main] DEBUG io.netty.util.internal.PlatformDependent - -Dio.netty.uninitializedArrayAllocationThreshold: -1
10:39:07.122 [main] DEBUG io.netty.util.internal.CleanerJava6 - java.nio.ByteBuffer.cleaner(): available
10:39:07.122 [main] DEBUG io.netty.util.internal.PlatformDependent - -Dio.netty.noPreferDirect: false
10:39:07.129 [main] DEBUG io.netty.util.internal.PlatformDependent - org.jctools-core.MpscChunkedArrayQueue: available
10:39:07.146 [main] DEBUG io.netty.util.internal.InternalThreadLocalMap - -Dio.netty.threadLocalMap.stringBuilder.initialSize: 1024
10:39:07.146 [main] DEBUG io.netty.util.internal.InternalThreadLocalMap - -Dio.netty.threadLocalMap.stringBuilder.maxSize: 4096
10:39:07.157 [main] DEBUG io.netty.handler.ssl.JdkSslContext - Default protocols (JDK): [TLSv1.2, TLSv1.1, TLSv1] 
10:39:07.157 [main] DEBUG io.netty.handler.ssl.JdkSslContext - Default cipher suites (JDK): [TLS_ECDHE_ECDSA_WITH_AES_256_GCM_SHA384, TLS_ECDHE_ECDSA_WITH_AES_128_GCM_SHA256, TLS_ECDHE_RSA_WITH_AES_128_GCM_SHA256, TLS_ECDHE_RSA_WITH_AES_256_GCM_SHA384, TLS_ECDHE_RSA_WITH_AES_128_CBC_SHA, TLS_ECDHE_RSA_WITH_AES_256_CBC_SHA, TLS_RSA_WITH_AES_128_GCM_SHA256, TLS_RSA_WITH_AES_128_CBC_SHA, TLS_RSA_WITH_AES_256_CBC_SHA, TLS_AES_128_GCM_SHA256, TLS_AES_256_GCM_SHA384]
10:39:07.182 [main] DEBUG io.netty.channel.MultithreadEventLoopGroup - -Dio.netty.eventLoopThreads: 16
10:39:07.190 [main] DEBUG io.netty.channel.nio.NioEventLoop - -Dio.netty.noKeySetOptimization: false
10:39:07.190 [main] DEBUG io.netty.channel.nio.NioEventLoop - -Dio.netty.selectorAutoRebuildThreshold: 512
10:39:07.198 [main] TRACE io.netty.channel.nio.NioEventLoop - instrumented a special java.util.Set into: sun.nio.ch.WindowsSelectorImpl@71154f21
10:39:07.200 [main] TRACE io.netty.channel.nio.NioEventLoop - instrumented a special java.util.Set into: sun.nio.ch.WindowsSelectorImpl@304a9d7b
10:39:07.200 [main] TRACE io.netty.channel.nio.NioEventLoop - instrumented a special java.util.Set into: sun.nio.ch.WindowsSelectorImpl@6bfdb014
10:39:07.201 [main] TRACE io.netty.channel.nio.NioEventLoop - instrumented a special java.util.Set into: sun.nio.ch.WindowsSelectorImpl@72889280
10:39:07.202 [main] TRACE io.netty.channel.nio.NioEventLoop - instrumented a special java.util.Set into: sun.nio.ch.WindowsSelectorImpl@606fc505
10:39:07.203 [main] TRACE io.netty.channel.nio.NioEventLoop - instrumented a special java.util.Set into: sun.nio.ch.WindowsSelectorImpl@4aa3d36
10:39:07.204 [main] TRACE io.netty.channel.nio.NioEventLoop - instrumented a special java.util.Set into: sun.nio.ch.WindowsSelectorImpl@2d140a7
10:39:07.205 [main] TRACE io.netty.channel.nio.NioEventLoop - instrumented a special java.util.Set into: sun.nio.ch.WindowsSelectorImpl@347bdeef
10:39:07.205 [main] TRACE io.netty.channel.nio.NioEventLoop - instrumented a special java.util.Set into: sun.nio.ch.WindowsSelectorImpl@2aa27288
10:39:07.206 [main] TRACE io.netty.channel.nio.NioEventLoop - instrumented a special java.util.Set into: sun.nio.ch.WindowsSelectorImpl@7f34a967
10:39:07.206 [main] TRACE io.netty.channel.nio.NioEventLoop - instrumented a special java.util.Set into: sun.nio.ch.WindowsSelectorImpl@77e80a5e
10:39:07.207 [main] TRACE io.netty.channel.nio.NioEventLoop - instrumented a special java.util.Set into: sun.nio.ch.WindowsSelectorImpl@1d8e2eea
10:39:07.207 [main] TRACE io.netty.channel.nio.NioEventLoop - instrumented a special java.util.Set into: sun.nio.ch.WindowsSelectorImpl@240139e1
10:39:07.207 [main] TRACE io.netty.channel.nio.NioEventLoop - instrumented a special java.util.Set into: sun.nio.ch.WindowsSelectorImpl@7ea4d397
10:39:07.208 [main] TRACE io.netty.channel.nio.NioEventLoop - instrumented a special java.util.Set into: sun.nio.ch.WindowsSelectorImpl@49298ce7
10:39:07.208 [main] TRACE io.netty.channel.nio.NioEventLoop - instrumented a special java.util.Set into: sun.nio.ch.WindowsSelectorImpl@253c1256
10:39:07.234 [main] DEBUG io.netty.buffer.PooledByteBufAllocator - -Dio.netty.allocator.numHeapArenas: 16
10:39:07.234 [main] DEBUG io.netty.buffer.PooledByteBufAllocator - -Dio.netty.allocator.numDirectArenas: 16
10:39:07.234 [main] DEBUG io.netty.buffer.PooledByteBufAllocator - -Dio.netty.allocator.pageSize: 8192
10:39:07.234 [main] DEBUG io.netty.buffer.PooledByteBufAllocator - -Dio.netty.allocator.maxOrder: 11
10:39:07.234 [main] DEBUG io.netty.buffer.PooledByteBufAllocator - -Dio.netty.allocator.chunkSize: 16777216
10:39:07.234 [main] DEBUG io.netty.buffer.PooledByteBufAllocator - -Dio.netty.allocator.smallCacheSize: 256
10:39:07.234 [main] DEBUG io.netty.buffer.PooledByteBufAllocator - -Dio.netty.allocator.normalCacheSize: 64
10:39:07.234 [main] DEBUG io.netty.buffer.PooledByteBufAllocator - -Dio.netty.allocator.maxCachedBufferCapacity: 32768
10:39:07.234 [main] DEBUG io.netty.buffer.PooledByteBufAllocator - -Dio.netty.allocator.cacheTrimInterval: 8192
10:39:07.234 [main] DEBUG io.netty.buffer.PooledByteBufAllocator - -Dio.netty.allocator.cacheTrimIntervalMillis: 0
10:39:07.234 [main] DEBUG io.netty.buffer.PooledByteBufAllocator - -Dio.netty.allocator.useCacheForAllThreads: true
10:39:07.234 [main] DEBUG io.netty.buffer.PooledByteBufAllocator - -Dio.netty.allocator.maxCachedByteBuffersPerChunk: 1023
10:39:07.243 [main] DEBUG io.netty.buffer.ByteBufUtil - -Dio.netty.allocator.type: pooled
10:39:07.243 [main] DEBUG io.netty.buffer.ByteBufUtil - -Dio.netty.threadLocalDirectBufferSize: 0
10:39:07.243 [main] DEBUG io.netty.buffer.ByteBufUtil - -Dio.netty.maxThreadLocalCharBufferSize: 16384
10:39:08.102 [Forwarding newSession on session null to remote] DEBUG io.netty.channel.DefaultChannelId - -Dio.netty.processId: 10976 (auto-detected)
10:39:08.105 [Forwarding newSession on session null to remote] DEBUG io.netty.util.NetUtil - -Djava.net.preferIPv4Stack: false
10:39:08.105 [Forwarding newSession on session null to remote] DEBUG io.netty.util.NetUtil - -Djava.net.preferIPv6Addresses: false
10:39:08.280 [Forwarding newSession on session null to remote] DEBUG io.netty.util.NetUtilInitializations - Loopback interface: lo (Software Loopback Interface 1, 127.0.0.1)
10:39:08.281 [Forwarding newSession on session null to remote] DEBUG io.netty.util.NetUtil - Failed to get SOMAXCONN from sysctl and file \proc\sys\net\core\somaxconn. Default: 200
10:39:08.410 [Forwarding newSession on session null to remote] DEBUG io.netty.channel.DefaultChannelId - -Dio.netty.machineId: 18:47:3d:ff:fe:ab:71:e7 (auto-detected)
10:39:08.456 [AsyncHttpClient-1-2] DEBUG io.netty.buffer.AbstractByteBuf - -Dio.netty.buffer.checkAccessible: true
10:39:08.456 [AsyncHttpClient-1-2] DEBUG io.netty.buffer.AbstractByteBuf - -Dio.netty.buffer.checkBounds: true
10:39:08.456 [AsyncHttpClient-1-2] DEBUG io.netty.util.ResourceLeakDetectorFactory - Loaded default ResourceLeakDetector: io.netty.util.ResourceLeakDetector@212d4af2
10:39:08.478 [AsyncHttpClient-1-2] DEBUG io.netty.util.Recycler - -Dio.netty.recycler.maxCapacityPerThread: 4096
10:39:08.478 [AsyncHttpClient-1-2] DEBUG io.netty.util.Recycler - -Dio.netty.recycler.maxSharedCapacityFactor: 2
10:39:08.478 [AsyncHttpClient-1-2] DEBUG io.netty.util.Recycler - -Dio.netty.recycler.linkCapacity: 16
10:39:08.478 [AsyncHttpClient-1-2] DEBUG io.netty.util.Recycler - -Dio.netty.recycler.ratio: 8
10:39:08.478 [AsyncHttpClient-1-2] DEBUG io.netty.util.Recycler - -Dio.netty.recycler.delayedQueue.ratio: 8
10:39:09.227 [main] DEBUG io.netty.util.internal.ThreadLocalRandom - -Dio.netty.initialSeedUniquifier: 0x7eda87b963c63d96
10:39:09.334 [main] INFO  testCases.TC_001_AccoiuntRegistration - Chrome launched
10:39:09.340 [main] INFO  testCases.TC_001_AccoiuntRegistration - started TC_001_AccoiuntRegistration
10:39:13.301 [main] INFO  testCases.TC_001_AccoiuntRegistration - launched website
10:39:13.535 [main] INFO  testCases.TC_001_AccoiuntRegistration - clicked on MyAccount
10:39:14.823 [main] INFO  testCases.TC_001_AccoiuntRegistration - clicked on Register
10:39:14.897 [main] INFO  testCases.TC_001_AccoiuntRegistration - clicked on FirstName
10:39:14.944 [main] INFO  testCases.TC_001_AccoiuntRegistration - clicked on LastName
10:39:14.996 [main] INFO  testCases.TC_001_AccoiuntRegistration - clicked on Email
10:39:15.045 [main] INFO  testCases.TC_001_AccoiuntRegistration - clicked on Telephone
10:39:15.092 [main] INFO  testCases.TC_001_AccoiuntRegistration - clicked on Passowrd
10:39:15.138 [main] INFO  testCases.TC_001_AccoiuntRegistration - clicked ConfirmPassowrd
10:39:15.176 [main] INFO  testCases.TC_001_AccoiuntRegistration - clicked on setPolicy
10:39:17.582 [main] INFO  testCases.TC_001_AccoiuntRegistration - clicked on Continue
10:39:17.611 [main] INFO  testCases.TC_001_AccoiuntRegistration - Account Registration Success
10:39:17.613 [main] INFO  testCases.TC_001_AccoiuntRegistration - Finished TC_001_AccoiuntRegistration
10:39:17.628 [AsyncHttpClient-1-4] TRACE io.netty.handler.codec.http.websocketx.WebSocket08FrameEncoder - Encoding WebSocket Frame opCode=8 length=26
10:39:19.499 [main] INFO  testCases.TC_002_Login - Chrome launched
10:39:19.500 [main] INFO  testCases.TC_002_Login - Starting TC_002_Login
10:39:23.460 [main] INFO  testCases.TC_002_Login - Home page displayed
10:39:23.624 [main] INFO  testCases.TC_002_Login - clicked on MyAccount
10:39:24.864 [main] INFO  testCases.TC_002_Login - clicked on Login
10:39:24.931 [main] INFO  testCases.TC_002_Login - provided email
10:39:24.977 [main] INFO  testCases.TC_002_Login - provided pwd
10:39:27.806 [main] INFO  testCases.TC_002_Login - clicked on Login
10:39:27.806 [main] INFO  testCases.TC_002_Login - finished TC_002_Login
10:39:27.808 [AsyncHttpClient-1-7] TRACE io.netty.handler.codec.http.websocketx.WebSocket08FrameEncoder - Encoding WebSocket Frame opCode=8 length=26
10:39:30.201 [main] INFO  testCases.TC_003_LoginDDT - Chrome launched
10:39:30.202 [main] INFO  testCases.TC_003_LoginDDT - Starting TC_003_LoginDDT
10:39:34.225 [main] INFO  testCases.TC_003_LoginDDT - Home page displayed
10:39:34.374 [main] FATAL testCases.TC_003_LoginDDT - Login failed
10:39:34.379 [AsyncHttpClient-1-10] TRACE io.netty.handler.codec.http.websocketx.WebSocket08FrameEncoder - Encoding WebSocket Frame opCode=8 length=26
10:39:36.194 [main] INFO  testCases.TC_003_LoginDDT - Chrome launched
10:39:36.194 [main] INFO  testCases.TC_003_LoginDDT - Starting TC_003_LoginDDT
10:39:40.124 [main] INFO  testCases.TC_003_LoginDDT - Home page displayed
10:39:40.269 [main] FATAL testCases.TC_003_LoginDDT - Login failed
10:39:40.273 [AsyncHttpClient-1-13] TRACE io.netty.handler.codec.http.websocketx.WebSocket08FrameEncoder - Encoding WebSocket Frame opCode=8 length=26
10:39:42.037 [main] INFO  testCases.TC_003_LoginDDT - Chrome launched
10:39:42.038 [main] INFO  testCases.TC_003_LoginDDT - Starting TC_003_LoginDDT
10:39:46.148 [main] INFO  testCases.TC_003_LoginDDT - Home page displayed
10:39:46.287 [main] FATAL testCases.TC_003_LoginDDT - Login failed
10:39:46.290 [AsyncHttpClient-1-16] TRACE io.netty.handler.codec.http.websocketx.WebSocket08FrameEncoder - Encoding WebSocket Frame opCode=8 length=26
10:39:48.017 [main] INFO  testCases.TC_003_LoginDDT - Chrome launched
10:39:48.017 [main] INFO  testCases.TC_003_LoginDDT - Starting TC_003_LoginDDT
10:39:52.192 [main] INFO  testCases.TC_003_LoginDDT - Home page displayed
10:39:52.377 [main] INFO  testCases.TC_003_LoginDDT - clicked on MyAccount
10:39:53.698 [main] INFO  testCases.TC_003_LoginDDT - clicked on Login
10:39:53.765 [main] INFO  testCases.TC_003_LoginDDT - provided email
10:39:53.813 [main] INFO  testCases.TC_003_LoginDDT - provided pwd
10:39:56.167 [main] INFO  testCases.TC_003_LoginDDT - clicked on Login
10:39:56.204 [main] INFO  testCases.TC_003_LoginDDT -  Finished TC_003_LoginDDT 
10:39:56.206 [AsyncHttpClient-1-3] TRACE io.netty.handler.codec.http.websocketx.WebSocket08FrameEncoder - Encoding WebSocket Frame opCode=8 length=26
10:39:57.350 [AsyncHttpClient-1-4] DEBUG io.netty.buffer.PoolThreadCache - Freed 4 thread-local buffer(s) from thread: AsyncHttpClient-1-4
10:39:57.350 [AsyncHttpClient-1-10] DEBUG io.netty.buffer.PoolThreadCache - Freed 4 thread-local buffer(s) from thread: AsyncHttpClient-1-10
10:39:57.351 [AsyncHttpClient-1-12] DEBUG io.netty.buffer.PoolThreadCache - Freed 2 thread-local buffer(s) from thread: AsyncHttpClient-1-12
10:39:57.350 [AsyncHttpClient-1-8] DEBUG io.netty.buffer.PoolThreadCache - Freed 17 thread-local buffer(s) from thread: AsyncHttpClient-1-8
10:39:57.351 [AsyncHttpClient-1-13] DEBUG io.netty.buffer.PoolThreadCache - Freed 4 thread-local buffer(s) from thread: AsyncHttpClient-1-13
10:39:57.352 [AsyncHttpClient-1-7] DEBUG io.netty.buffer.PoolThreadCache - Freed 4 thread-local buffer(s) from thread: AsyncHttpClient-1-7
10:39:57.352 [AsyncHttpClient-1-5] DEBUG io.netty.buffer.PoolThreadCache - Freed 22 thread-local buffer(s) from thread: AsyncHttpClient-1-5
10:39:57.352 [AsyncHttpClient-1-6] DEBUG io.netty.buffer.PoolThreadCache - Freed 2 thread-local buffer(s) from thread: AsyncHttpClient-1-6
10:39:57.353 [AsyncHttpClient-1-16] DEBUG io.netty.buffer.PoolThreadCache - Freed 4 thread-local buffer(s) from thread: AsyncHttpClient-1-16
10:39:57.353 [AsyncHttpClient-1-14] DEBUG io.netty.buffer.PoolThreadCache - Freed 17 thread-local buffer(s) from thread: AsyncHttpClient-1-14
10:39:57.354 [AsyncHttpClient-1-9] DEBUG io.netty.buffer.PoolThreadCache - Freed 2 thread-local buffer(s) from thread: AsyncHttpClient-1-9
10:39:57.354 [AsyncHttpClient-1-15] DEBUG io.netty.buffer.PoolThreadCache - Freed 2 thread-local buffer(s) from thread: AsyncHttpClient-1-15
10:39:57.354 [AsyncHttpClient-1-11] DEBUG io.netty.buffer.PoolThreadCache - Freed 17 thread-local buffer(s) from thread: AsyncHttpClient-1-11
